2019-06-29 10:07:12.733 INFO   [,]  [restartedMain] o.s.b.d.e.DevToolsPropertyDefaultsPostProcessor: - Devtools property defaults active! Set 'spring.devtools.add-properties' to 'false' to disable
2019-06-29 10:07:13.441 INFO   [,]  [restartedMain] o.s.c.s.PostProcessorRegistrationDelegate$BeanPostProcessorChecker: - Bean 'org.springframework.cloud.autoconfigure.ConfigurationPropertiesRebinderAutoConfiguration' of type [org.springframework.cloud.autoconfigure.ConfigurationPropertiesRebinderAutoConfiguration$$EnhancerBySpringCGLIB$$fc7d2f7e] is not eligible for getting processed by all BeanPostProcessors (for example: not eligible for auto-proxying)
2019-06-29 10:07:15.754 INFO   [,]  [restartedMain] c.z.s.WebInteractionCenterProviderApplication: - The following profiles are active: dev
2019-06-29 10:07:17.063 WARN   [,]  [restartedMain] o.m.s.mapper.ClassPathMapperScanner: - No MyBatis mapper was found in '[com.zfc.study]' package. Please check your configuration.
2019-06-29 10:07:17.073 WARN   [,]  [restartedMain] o.m.s.mapper.ClassPathMapperScanner: - No MyBatis mapper was found in '[com.zfc.study]' package. Please check your configuration.
2019-06-29 10:07:17.545 WARN   [,]  [restartedMain] o.s.boot.actuate.endpoint.EndpointId: - Endpoint ID 'service-registry' contains invalid characters, please migrate to a valid format.
2019-06-29 10:07:17.984 INFO   [,]  [restartedMain] o.s.cloud.context.scope.GenericScope: - BeanFactory id=a38673db-a0e9-3a45-a05f-584f829c5541
2019-06-29 10:07:18.158 INFO   [,]  [restartedMain] o.s.c.s.PostProcessorRegistrationDelegate$BeanPostProcessorChecker: - Bean 'org.springframework.transaction.annotation.ProxyTransactionManagementConfiguration' of type [org.springframework.transaction.annotation.ProxyTransactionManagementConfiguration$$EnhancerBySpringCGLIB$$e0632c81] is not eligible for getting processed by all BeanPostProcessors (for example: not eligible for auto-proxying)
2019-06-29 10:07:18.191 INFO   [,]  [restartedMain] o.s.c.s.PostProcessorRegistrationDelegate$BeanPostProcessorChecker: - Bean 'org.springframework.cloud.autoconfigure.ConfigurationPropertiesRebinderAutoConfiguration' of type [org.springframework.cloud.autoconfigure.ConfigurationPropertiesRebinderAutoConfiguration$$EnhancerBySpringCGLIB$$fc7d2f7e] is not eligible for getting processed by all BeanPostProcessors (for example: not eligible for auto-proxying)
2019-06-29 10:07:19.224 INFO   [,]  [restartedMain] o.s.b.w.e.tomcat.TomcatWebServer: - Tomcat initialized with port(s): 9001 (http)
2019-06-29 10:07:19.261 INFO   [,]  [restartedMain] o.a.catalina.core.StandardService: - Starting service [Tomcat]
2019-06-29 10:07:19.261 INFO   [,]  [restartedMain] o.a.catalina.core.StandardEngine: - Starting Servlet engine: [Apache Tomcat/9.0.21]
2019-06-29 10:07:19.518 INFO   [,]  [restartedMain] o.a.c.c.C.[.[.[/web-interaction-center]: - Initializing Spring embedded WebApplicationContext
2019-06-29 10:07:19.518 INFO   [,]  [restartedMain] o.s.web.context.ContextLoader: - Root WebApplicationContext: initialization completed in 3737 ms
2019-06-29 10:07:19.681 WARN   [,]  [restartedMain] c.n.c.sources.URLConfigurationSource: - No URLs will be polled as dynamic configuration sources.
2019-06-29 10:07:19.682 INFO   [,]  [restartedMain] c.n.c.sources.URLConfigurationSource: - To enable URLs as dynamic configuration sources, define System property archaius.configurationSource.additionalUrls or make config.properties available on classpath.
2019-06-29 10:07:19.696 INFO   [,]  [restartedMain] c.n.config.DynamicPropertyFactory: - DynamicPropertyFactory is initialized with configuration sources: com.netflix.config.ConcurrentCompositeConfiguration@398bcca4
2019-06-29 10:07:24.458 INFO   [,]  [restartedMain] o.s.b.d.a.OptionalLiveReloadServer: - LiveReload server is running on port 35729
2019-06-29 10:07:24.732 INFO   [,]  [restartedMain] com.zfc.study.util.SpringBeanUtil: - ========ApplicationContext配置成功,在普通类可以通过调用SpringBeanUtil.getAppContext()获取applicationContext对象,applicationContext=org.springframework.boot.web.servlet.context.AnnotationConfigServletWebServerApplicationContext@68c7a854, started on Sat Jun 29 10:07:15 CST 2019, parent: org.springframework.context.annotation.AnnotationConfigApplicationContext@1f94f456========
2019-06-29 10:07:24.757 WARN   [,]  [restartedMain] c.n.c.sources.URLConfigurationSource: - No URLs will be polled as dynamic configuration sources.
2019-06-29 10:07:24.758 INFO   [,]  [restartedMain] c.n.c.sources.URLConfigurationSource: - To enable URLs as dynamic configuration sources, define System property archaius.configurationSource.additionalUrls or make config.properties available on classpath.
2019-06-29 10:07:25.167 INFO   [,]  [restartedMain] o.s.s.c.ThreadPoolTaskExecutor: - Initializing ExecutorService 'applicationTaskExecutor'
2019-06-29 10:07:26.141 INFO   [,]  [restartedMain] com.zaxxer.hikari.HikariDataSource: - HikariPool-1 - Starting...
2019-06-29 10:07:26.742 INFO   [,]  [restartedMain] com.zaxxer.hikari.HikariDataSource: - HikariPool-1 - Start completed.
2019-06-29 10:07:30.310 INFO   [,]  [restartedMain] o.s.b.a.e.web.EndpointLinksResolver: - Exposing 2 endpoint(s) beneath base path '/actuator'
2019-06-29 10:07:30.581 INFO   [,]  [restartedMain] o.s.c.n.eureka.InstanceInfoFactory: - Setting initial instance status as: STARTING
2019-06-29 10:07:30.644 INFO   [,]  [restartedMain] c.netflix.discovery.DiscoveryClient: - Initializing Eureka in region us-east-1
2019-06-29 10:07:30.837 INFO   [,]  [restartedMain] c.n.d.p.DiscoveryJerseyProvider: - Using JSON encoding codec LegacyJacksonJson
2019-06-29 10:07:30.838 INFO   [,]  [restartedMain] c.n.d.p.DiscoveryJerseyProvider: - Using JSON decoding codec LegacyJacksonJson
2019-06-29 10:07:31.123 INFO   [,]  [restartedMain] c.n.d.p.DiscoveryJerseyProvider: - Using XML encoding codec XStreamXml
2019-06-29 10:07:31.125 INFO   [,]  [restartedMain] c.n.d.p.DiscoveryJerseyProvider: - Using XML decoding codec XStreamXml
2019-06-29 10:07:31.635 INFO   [,]  [restartedMain] c.n.d.s.r.aws.ConfigClusterResolver: - Resolving eureka endpoints via configuration
2019-06-29 10:07:32.390 INFO   [,]  [restartedMain] c.netflix.discovery.DiscoveryClient: - Disable delta property : false
2019-06-29 10:07:32.390 INFO   [,]  [restartedMain] c.netflix.discovery.DiscoveryClient: - Single vip registry refresh property : null
2019-06-29 10:07:32.391 INFO   [,]  [restartedMain] c.netflix.discovery.DiscoveryClient: - Force full registry fetch : false
2019-06-29 10:07:32.391 INFO   [,]  [restartedMain] c.netflix.discovery.DiscoveryClient: - Application is null : false
2019-06-29 10:07:32.391 INFO   [,]  [restartedMain] c.netflix.discovery.DiscoveryClient: - Registered Applications size is zero : true
2019-06-29 10:07:32.391 INFO   [,]  [restartedMain] c.netflix.discovery.DiscoveryClient: - Application version is -1: true
2019-06-29 10:07:32.392 INFO   [,]  [restartedMain] c.netflix.discovery.DiscoveryClient: - Getting all instance registry info from the eureka server
2019-06-29 10:07:32.908 INFO   [,]  [restartedMain] c.netflix.discovery.DiscoveryClient: - The response status is 200
2019-06-29 10:07:32.913 INFO   [,]  [restartedMain] c.netflix.discovery.DiscoveryClient: - Starting heartbeat executor: renew interval is: 30
2019-06-29 10:07:32.917 INFO   [,]  [restartedMain] c.n.discovery.InstanceInfoReplicator: - InstanceInfoReplicator onDemand update allowed rate per min is 4
2019-06-29 10:07:32.924 INFO   [,]  [restartedMain] c.netflix.discovery.DiscoveryClient: - Discovery Client initialized at timestamp 1561774052921 with initial instances count: 4
2019-06-29 10:07:32.926 INFO   [,]  [restartedMain] o.s.c.n.e.s.EurekaServiceRegistry: - Registering application WEB-INTERACTION-CENTER with eureka with status UP
2019-06-29 10:07:32.927 INFO   [,]  [restartedMain] c.netflix.discovery.DiscoveryClient: - Saw local status change event StatusChangeEvent [timestamp=1561774052927, current=UP, previous=STARTING]
2019-06-29 10:07:32.931 INFO   [,]  [nfoReplicator-0] c.netflix.discovery.DiscoveryClient: - DiscoveryClient_WEB-INTERACTION-CENTER/DESKTOP-JESJ2F8:web-interaction-center:9001: registering service...
2019-06-29 10:07:33.004 INFO   [,]  [restartedMain] o.s.b.w.e.tomcat.TomcatWebServer: - Tomcat started on port(s): 9001 (http) with context path '/web-interaction-center'
2019-06-29 10:07:33.005 INFO   [,]  [restartedMain] o.s.c.n.e.s.EurekaAutoServiceRegistration: - Updating port to 9001
2019-06-29 10:07:33.008 INFO   [,]  [restartedMain] c.z.s.WebInteractionCenterProviderApplication: - Started WebInteractionCenterProviderApplication in 25.706 seconds (JVM running for 30.771)
2019-06-29 10:07:33.069 INFO   [,]  [nfoReplicator-0] c.netflix.discovery.DiscoveryClient: - DiscoveryClient_WEB-INTERACTION-CENTER/DESKTOP-JESJ2F8:web-interaction-center:9001 - registration status: 204
2019-06-29 10:07:33.186 INFO   [,]  [on(4)-127.0.0.1] o.s.a.r.c.CachingConnectionFactory: - Attempting to connect to: [localhost:5672]
2019-06-29 10:07:33.195 INFO   [,]  [on(2)-127.0.0.1] o.a.c.c.C.[.[.[/web-interaction-center]: - Initializing Spring DispatcherServlet 'dispatcherServlet'
2019-06-29 10:07:33.195 INFO   [,]  [on(2)-127.0.0.1] o.s.web.servlet.DispatcherServlet: - Initializing Servlet 'dispatcherServlet'
2019-06-29 10:07:33.212 INFO   [,]  [on(2)-127.0.0.1] o.s.web.servlet.DispatcherServlet: - Completed initialization in 17 ms
2019-06-29 10:07:35.204 WARN   [,]  [on(4)-127.0.0.1] o.s.b.a.amqp.RabbitHealthIndicator: - Rabbit health check failed
org.springframework.amqp.AmqpConnectException: java.net.ConnectException: Connection refused: connect
	at org.springframework.amqp.rabbit.support.RabbitExceptionTranslator.convertRabbitAccessException(RabbitExceptionTranslator.java:62)
	at org.springframework.amqp.rabbit.connection.AbstractConnectionFactory.createBareConnection(AbstractConnectionFactory.java:509)
	at org.springframework.amqp.rabbit.connection.CachingConnectionFactory.createConnection(CachingConnectionFactory.java:702)
	at org.springframework.amqp.rabbit.connection.ConnectionFactoryUtils.createConnection(ConnectionFactoryUtils.java:214)
	at org.springframework.amqp.rabbit.core.RabbitTemplate.doExecute(RabbitTemplate.java:2073)
	at org.springframework.amqp.rabbit.core.RabbitTemplate.execute(RabbitTemplate.java:2047)
	at org.springframework.amqp.rabbit.core.RabbitTemplate.execute(RabbitTemplate.java:2027)
	at org.springframework.boot.actuate.amqp.RabbitHealthIndicator.getVersion(RabbitHealthIndicator.java:49)
	at org.springframework.boot.actuate.amqp.RabbitHealthIndicator.doHealthCheck(RabbitHealthIndicator.java:44)
	at org.springframework.boot.actuate.health.AbstractHealthIndicator.health(AbstractHealthIndicator.java:82)
	at org.springframework.boot.actuate.health.CompositeHealthIndicator.health(CompositeHealthIndicator.java:95)
	at org.springframework.boot.actuate.health.HealthEndpoint.health(HealthEndpoint.java:50)
	at sun.reflect.NativeMethodAccessorImpl.invoke0(Native Method)
	at sun.reflect.NativeMethodAccessorImpl.invoke(NativeMethodAccessorImpl.java:62)
	at sun.reflect.DelegatingMethodAccessorImpl.invoke(DelegatingMethodAccessorImpl.java:43)
	at java.lang.reflect.Method.invoke(Method.java:498)
	at org.springframework.util.ReflectionUtils.invokeMethod(ReflectionUtils.java:282)
	at org.springframework.boot.actuate.endpoint.invoke.reflect.ReflectiveOperationInvoker.invoke(ReflectiveOperationInvoker.java:76)
	at org.springframework.boot.actuate.endpoint.annotation.AbstractDiscoveredOperation.invoke(AbstractDiscoveredOperation.java:60)
	at org.springframework.boot.actuate.endpoint.jmx.EndpointMBean.invoke(EndpointMBean.java:121)
	at org.springframework.boot.actuate.endpoint.jmx.EndpointMBean.invoke(EndpointMBean.java:96)
	at com.sun.jmx.interceptor.DefaultMBeanServerInterceptor.invoke(DefaultMBeanServerInterceptor.java:819)
	at com.sun.jmx.mbeanserver.JmxMBeanServer.invoke(JmxMBeanServer.java:801)
	at javax.management.remote.rmi.RMIConnectionImpl.doOperation(RMIConnectionImpl.java:1468)
	at javax.management.remote.rmi.RMIConnectionImpl.access$300(RMIConnectionImpl.java:76)
	at javax.management.remote.rmi.RMIConnectionImpl$PrivilegedOperation.run(RMIConnectionImpl.java:1309)
	at javax.management.remote.rmi.RMIConnectionImpl.doPrivilegedOperation(RMIConnectionImpl.java:1401)
	at javax.management.remote.rmi.RMIConnectionImpl.invoke(RMIConnectionImpl.java:829)
	at sun.reflect.GeneratedMethodAccessor96.invoke(Unknown Source)
	at sun.reflect.DelegatingMethodAccessorImpl.invoke(DelegatingMethodAccessorImpl.java:43)
	at java.lang.reflect.Method.invoke(Method.java:498)
	at sun.rmi.server.UnicastServerRef.dispatch(UnicastServerRef.java:324)
	at sun.rmi.transport.Transport$1.run(Transport.java:200)
	at sun.rmi.transport.Transport$1.run(Transport.java:197)
	at java.security.AccessController.doPrivileged(Native Method)
	at sun.rmi.transport.Transport.serviceCall(Transport.java:196)
	at sun.rmi.transport.tcp.TCPTransport.handleMessages(TCPTransport.java:568)
	at sun.rmi.transport.tcp.TCPTransport$ConnectionHandler.run0(TCPTransport.java:826)
	at sun.rmi.transport.tcp.TCPTransport$ConnectionHandler.lambda$run$0(TCPTransport.java:683)
	at java.security.AccessController.doPrivileged(Native Method)
	at sun.rmi.transport.tcp.TCPTransport$ConnectionHandler.run(TCPTransport.java:682)
	at java.util.concurrent.ThreadPoolExecutor.runWorker(ThreadPoolExecutor.java:1142)
	at java.util.concurrent.ThreadPoolExecutor$Worker.run(ThreadPoolExecutor.java:617)
	at java.lang.Thread.run(Thread.java:745)
Caused by: java.net.ConnectException: Connection refused: connect
	at java.net.DualStackPlainSocketImpl.waitForConnect(Native Method)
	at java.net.DualStackPlainSocketImpl.socketConnect(DualStackPlainSocketImpl.java:85)
	at java.net.AbstractPlainSocketImpl.doConnect(AbstractPlainSocketImpl.java:350)
	at java.net.AbstractPlainSocketImpl.connectToAddress(AbstractPlainSocketImpl.java:206)
	at java.net.AbstractPlainSocketImpl.connect(AbstractPlainSocketImpl.java:188)
	at java.net.PlainSocketImpl.connect(PlainSocketImpl.java:172)
	at java.net.SocksSocketImpl.connect(SocksSocketImpl.java:392)
	at java.net.Socket.connect(Socket.java:589)
	at com.rabbitmq.client.impl.SocketFrameHandlerFactory.create(SocketFrameHandlerFactory.java:60)
	at com.rabbitmq.client.ConnectionFactory.newConnection(ConnectionFactory.java:1102)
	at com.rabbitmq.client.ConnectionFactory.newConnection(ConnectionFactory.java:1054)
	at com.rabbitmq.client.ConnectionFactory.newConnection(ConnectionFactory.java:994)
	at org.springframework.amqp.rabbit.connection.AbstractConnectionFactory.createBareConnection(AbstractConnectionFactory.java:462)
	... 42 common frames omitted
2019-06-29 10:11:30.581 INFO   [,]  [nio-9001-exec-1] c.n.config.ChainedDynamicProperty: - Flipping property: stock-service-center.ribbon.ActiveConnectionsLimit to use NEXT property: niws.loadbalancer.availabilityFilteringRule.activeConnectionsLimit = 2147483647
2019-06-29 10:11:30.600 INFO   [,]  [nio-9001-exec-1] c.n.u.c.ShutdownEnabledTimer: - Shutdown hook installed for: NFLoadBalancer-PingTimer-stock-service-center
2019-06-29 10:11:30.601 INFO   [,]  [nio-9001-exec-1] c.n.loadbalancer.BaseLoadBalancer: - Client: stock-service-center instantiated a LoadBalancer: DynamicServerListLoadBalancer:{NFLoadBalancer:name=stock-service-center,current list of Servers=[],Load balancer stats=Zone stats: {},Server stats: []}ServerList:null
2019-06-29 10:11:30.610 INFO   [,]  [nio-9001-exec-1] c.n.l.DynamicServerListLoadBalancer: - Using serverListUpdater PollingServerListUpdater
2019-06-29 10:11:30.656 INFO   [,]  [nio-9001-exec-1] c.n.config.ChainedDynamicProperty: - Flipping property: stock-service-center.ribbon.ActiveConnectionsLimit to use NEXT property: niws.loadbalancer.availabilityFilteringRule.activeConnectionsLimit = 2147483647
2019-06-29 10:11:30.658 INFO   [,]  [nio-9001-exec-1] c.n.l.DynamicServerListLoadBalancer: - DynamicServerListLoadBalancer for client stock-service-center initialized: DynamicServerListLoadBalancer:{NFLoadBalancer:name=stock-service-center,current list of Servers=[10.0.11.23:9002],Load balancer stats=Zone stats: {defaultzone=[Zone:defaultzone;	Instance count:1;	Active connections count: 0;	Circuit breaker tripped count: 0;	Active connections per server: 0.0;]
},Server stats: [[Server:10.0.11.23:9002;	Zone:defaultZone;	Total Requests:0;	Successive connection failure:0;	Total blackout seconds:0;	Last connection made:Thu Jan 01 08:00:00 CST 1970;	First connection made: Thu Jan 01 08:00:00 CST 1970;	Active Connections:0;	total failure count in last (1000) msecs:0;	average resp time:0.0;	90 percentile resp time:0.0;	95 percentile resp time:0.0;	min resp time:0.0;	max resp time:0.0;	stddev resp time:0.0]
]}ServerList:org.springframework.cloud.netflix.ribbon.eureka.DomainExtractingServerList@2a7e686b
2019-06-29 10:11:31.614 INFO   [,]  [erListUpdater-0] c.n.config.ChainedDynamicProperty: - Flipping property: stock-service-center.ribbon.ActiveConnectionsLimit to use NEXT property: niws.loadbalancer.availabilityFilteringRule.activeConnectionsLimit = 2147483647
2019-06-29 10:12:32.396 INFO   [,]  [trap-executor-0] c.n.d.s.r.aws.ConfigClusterResolver: - Resolving eureka endpoints via configuration
2019-06-29 10:17:32.398 INFO   [,]  [trap-executor-0] c.n.d.s.r.aws.ConfigClusterResolver: - Resolving eureka endpoints via configuration
2019-06-29 10:22:32.401 INFO   [,]  [trap-executor-0] c.n.d.s.r.aws.ConfigClusterResolver: - Resolving eureka endpoints via configuration
2019-06-29 10:27:32.405 INFO   [,]  [trap-executor-0] c.n.d.s.r.aws.ConfigClusterResolver: - Resolving eureka endpoints via configuration
2019-06-29 10:32:32.406 INFO   [,]  [trap-executor-0] c.n.d.s.r.aws.ConfigClusterResolver: - Resolving eureka endpoints via configuration
2019-06-29 10:37:32.409 INFO   [,]  [trap-executor-0] c.n.d.s.r.aws.ConfigClusterResolver: - Resolving eureka endpoints via configuration
2019-06-29 10:42:32.418 INFO   [,]  [trap-executor-0] c.n.d.s.r.aws.ConfigClusterResolver: - Resolving eureka endpoints via configuration
2019-06-29 10:44:58.249 ERROR  [,]  [nio-9001-exec-5] o.a.c.c.C.[.[.[.[dispatcherServlet]: - Servlet.service() for servlet [dispatcherServlet] in context with path [/web-interaction-center] threw exception [Request processing failed; nested exception is feign.RetryableException: Read timed out executing POST http://stock-service-center/stock-service-center/api/v1/test] with root cause
java.net.SocketTimeoutException: Read timed out
	at java.net.SocketInputStream.socketRead0(Native Method)
	at java.net.SocketInputStream.socketRead(SocketInputStream.java:116)
	at java.net.SocketInputStream.read(SocketInputStream.java:170)
	at java.net.SocketInputStream.read(SocketInputStream.java:141)
	at java.io.BufferedInputStream.fill(BufferedInputStream.java:246)
	at java.io.BufferedInputStream.read1(BufferedInputStream.java:286)
	at java.io.BufferedInputStream.read(BufferedInputStream.java:345)
	at sun.net.www.http.HttpClient.parseHTTPHeader(HttpClient.java:704)
	at sun.net.www.http.HttpClient.parseHTTP(HttpClient.java:647)
	at sun.net.www.protocol.http.HttpURLConnection.getInputStream0(HttpURLConnection.java:1569)
	at sun.net.www.protocol.http.HttpURLConnection.getInputStream(HttpURLConnection.java:1474)
	at java.net.HttpURLConnection.getResponseCode(HttpURLConnection.java:480)
	at feign.Client$Default.convertResponse(Client.java:143)
	at feign.Client$Default.execute(Client.java:68)
	at org.springframework.cloud.openfeign.ribbon.RetryableFeignLoadBalancer$1.doWithRetry(RetryableFeignLoadBalancer.java:114)
	at org.springframework.cloud.openfeign.ribbon.RetryableFeignLoadBalancer$1.doWithRetry(RetryableFeignLoadBalancer.java:94)
	at org.springframework.retry.support.RetryTemplate.doExecute(RetryTemplate.java:287)
	at org.springframework.retry.support.RetryTemplate.execute(RetryTemplate.java:180)
	at org.springframework.cloud.openfeign.ribbon.RetryableFeignLoadBalancer.execute(RetryableFeignLoadBalancer.java:94)
	at org.springframework.cloud.openfeign.ribbon.RetryableFeignLoadBalancer.execute(RetryableFeignLoadBalancer.java:54)
	at com.netflix.client.AbstractLoadBalancerAwareClient$1.call(AbstractLoadBalancerAwareClient.java:104)
	at com.netflix.loadbalancer.reactive.LoadBalancerCommand$3$1.call(LoadBalancerCommand.java:303)
	at com.netflix.loadbalancer.reactive.LoadBalancerCommand$3$1.call(LoadBalancerCommand.java:287)
	at rx.internal.util.ScalarSynchronousObservable$3.call(ScalarSynchronousObservable.java:231)
	at rx.internal.util.ScalarSynchronousObservable$3.call(ScalarSynchronousObservable.java:228)
	at rx.Observable.unsafeSubscribe(Observable.java:10327)
	at rx.internal.operators.OnSubscribeConcatMap$ConcatMapSubscriber.drain(OnSubscribeConcatMap.java:286)
	at rx.internal.operators.OnSubscribeConcatMap$ConcatMapSubscriber.onNext(OnSubscribeConcatMap.java:144)
	at com.netflix.loadbalancer.reactive.LoadBalancerCommand$1.call(LoadBalancerCommand.java:185)
	at com.netflix.loadbalancer.reactive.LoadBalancerCommand$1.call(LoadBalancerCommand.java:180)
	at rx.Observable.unsafeSubscribe(Observable.java:10327)
	at rx.internal.operators.OnSubscribeConcatMap.call(OnSubscribeConcatMap.java:94)
	at rx.internal.operators.OnSubscribeConcatMap.call(OnSubscribeConcatMap.java:42)
	at rx.Observable.unsafeSubscribe(Observable.java:10327)
	at rx.internal.operators.OperatorRetryWithPredicate$SourceSubscriber$1.call(OperatorRetryWithPredicate.java:127)
	at rx.internal.schedulers.TrampolineScheduler$InnerCurrentThreadScheduler.enqueue(TrampolineScheduler.java:73)
	at rx.internal.schedulers.TrampolineScheduler$InnerCurrentThreadScheduler.schedule(TrampolineScheduler.java:52)
	at rx.internal.operators.OperatorRetryWithPredicate$SourceSubscriber.onNext(OperatorRetryWithPredicate.java:79)
	at rx.internal.operators.OperatorRetryWithPredicate$SourceSubscriber.onNext(OperatorRetryWithPredicate.java:45)
	at rx.internal.util.ScalarSynchronousObservable$WeakSingleProducer.request(ScalarSynchronousObservable.java:276)
	at rx.Subscriber.setProducer(Subscriber.java:209)
	at rx.internal.util.ScalarSynchronousObservable$JustOnSubscribe.call(ScalarSynchronousObservable.java:138)
	at rx.internal.util.ScalarSynchronousObservable$JustOnSubscribe.call(ScalarSynchronousObservable.java:129)
	at rx.internal.operators.OnSubscribeLift.call(OnSubscribeLift.java:48)
	at rx.internal.operators.OnSubscribeLift.call(OnSubscribeLift.java:30)
	at rx.internal.operators.OnSubscribeLift.call(OnSubscribeLift.java:48)
	at rx.internal.operators.OnSubscribeLift.call(OnSubscribeLift.java:30)
	at rx.internal.operators.OnSubscribeLift.call(OnSubscribeLift.java:48)
	at rx.internal.operators.OnSubscribeLift.call(OnSubscribeLift.java:30)
	at rx.Observable.subscribe(Observable.java:10423)
	at rx.Observable.subscribe(Observable.java:10390)
	at rx.observables.BlockingObservable.blockForSingle(BlockingObservable.java:443)
	at rx.observables.BlockingObservable.single(BlockingObservable.java:340)
	at com.netflix.client.AbstractLoadBalancerAwareClient.executeWithLoadBalancer(AbstractLoadBalancerAwareClient.java:112)
	at org.springframework.cloud.openfeign.ribbon.LoadBalancerFeignClient.execute(LoadBalancerFeignClient.java:83)
	at feign.SynchronousMethodHandler.executeAndDecode(SynchronousMethodHandler.java:108)
	at feign.SynchronousMethodHandler.invoke(SynchronousMethodHandler.java:78)
	at feign.ReflectiveFeign$FeignInvocationHandler.invoke(ReflectiveFeign.java:103)
	at com.sun.proxy.$Proxy110.saveTest(Unknown Source)
	at com.zfc.study.controller.TestController.saveTest(TestController.java:32)
	at sun.reflect.NativeMethodAccessorImpl.invoke0(Native Method)
	at sun.reflect.NativeMethodAccessorImpl.invoke(NativeMethodAccessorImpl.java:62)
	at sun.reflect.DelegatingMethodAccessorImpl.invoke(DelegatingMethodAccessorImpl.java:43)
	at java.lang.reflect.Method.invoke(Method.java:498)
	at org.springframework.web.method.support.InvocableHandlerMethod.doInvoke(InvocableHandlerMethod.java:190)
	at org.springframework.web.method.support.InvocableHandlerMethod.invokeForRequest(InvocableHandlerMethod.java:138)
	at org.springframework.web.servlet.mvc.method.annotation.ServletInvocableHandlerMethod.invokeAndHandle(ServletInvocableHandlerMethod.java:104)
	at org.springframework.web.servlet.mvc.method.annotation.RequestMappingHandlerAdapter.invokeHandlerMethod(RequestMappingHandlerAdapter.java:892)
	at org.springframework.web.servlet.mvc.method.annotation.RequestMappingHandlerAdapter.handleInternal(RequestMappingHandlerAdapter.java:797)
	at org.springframework.web.servlet.mvc.method.AbstractHandlerMethodAdapter.handle(AbstractHandlerMethodAdapter.java:87)
	at org.springframework.web.servlet.DispatcherServlet.doDispatch(DispatcherServlet.java:1039)
	at org.springframework.web.servlet.DispatcherServlet.doService(DispatcherServlet.java:942)
	at org.springframework.web.servlet.FrameworkServlet.processRequest(FrameworkServlet.java:1005)
	at org.springframework.web.servlet.FrameworkServlet.doPost(FrameworkServlet.java:908)
	at javax.servlet.http.HttpServlet.service(HttpServlet.java:660)
	at org.springframework.web.servlet.FrameworkServlet.service(FrameworkServlet.java:882)
	at javax.servlet.http.HttpServlet.service(HttpServlet.java:741)
	at org.apache.catalina.core.ApplicationFilterChain.internalDoFilter(ApplicationFilterChain.java:231)
	at org.apache.catalina.core.ApplicationFilterChain.doFilter(ApplicationFilterChain.java:166)
	at org.apache.tomcat.websocket.server.WsFilter.doFilter(WsFilter.java:53)
	at org.apache.catalina.core.ApplicationFilterChain.internalDoFilter(ApplicationFilterChain.java:193)
	at org.apache.catalina.core.ApplicationFilterChain.doFilter(ApplicationFilterChain.java:166)
	at org.springframework.boot.actuate.web.trace.servlet.HttpTraceFilter.doFilterInternal(HttpTraceFilter.java:88)
	at org.springframework.web.filter.OncePerRequestFilter.doFilter(OncePerRequestFilter.java:109)
	at org.apache.catalina.core.ApplicationFilterChain.internalDoFilter(ApplicationFilterChain.java:193)
	at org.apache.catalina.core.ApplicationFilterChain.doFilter(ApplicationFilterChain.java:166)
	at org.springframework.web.filter.RequestContextFilter.doFilterInternal(RequestContextFilter.java:99)
	at org.springframework.web.filter.OncePerRequestFilter.doFilter(OncePerRequestFilter.java:109)
	at org.apache.catalina.core.ApplicationFilterChain.internalDoFilter(ApplicationFilterChain.java:193)
	at org.apache.catalina.core.ApplicationFilterChain.doFilter(ApplicationFilterChain.java:166)
	at org.springframework.web.filter.FormContentFilter.doFilterInternal(FormContentFilter.java:92)
	at org.springframework.web.filter.OncePerRequestFilter.doFilter(OncePerRequestFilter.java:109)
	at org.apache.catalina.core.ApplicationFilterChain.internalDoFilter(ApplicationFilterChain.java:193)
	at org.apache.catalina.core.ApplicationFilterChain.doFilter(ApplicationFilterChain.java:166)
	at org.springframework.web.filter.HiddenHttpMethodFilter.doFilterInternal(HiddenHttpMethodFilter.java:93)
	at org.springframework.web.filter.OncePerRequestFilter.doFilter(OncePerRequestFilter.java:109)
	at org.apache.catalina.core.ApplicationFilterChain.internalDoFilter(ApplicationFilterChain.java:193)
	at org.apache.catalina.core.ApplicationFilterChain.doFilter(ApplicationFilterChain.java:166)
	at org.springframework.boot.actuate.metrics.web.servlet.WebMvcMetricsFilter.filterAndRecordMetrics(WebMvcMetricsFilter.java:114)
	at org.springframework.boot.actuate.metrics.web.servlet.WebMvcMetricsFilter.doFilterInternal(WebMvcMetricsFilter.java:104)
	at org.springframework.web.filter.OncePerRequestFilter.doFilter(OncePerRequestFilter.java:109)
	at org.apache.catalina.core.ApplicationFilterChain.internalDoFilter(ApplicationFilterChain.java:193)
	at org.apache.catalina.core.ApplicationFilterChain.doFilter(ApplicationFilterChain.java:166)
	at org.springframework.web.filter.CharacterEncodingFilter.doFilterInternal(CharacterEncodingFilter.java:200)
	at org.springframework.web.filter.OncePerRequestFilter.doFilter(OncePerRequestFilter.java:109)
	at org.apache.catalina.core.ApplicationFilterChain.internalDoFilter(ApplicationFilterChain.java:193)
	at org.apache.catalina.core.ApplicationFilterChain.doFilter(ApplicationFilterChain.java:166)
	at org.apache.catalina.core.StandardWrapperValve.invoke(StandardWrapperValve.java:202)
	at org.apache.catalina.core.StandardContextValve.invoke(StandardContextValve.java:96)
	at org.apache.catalina.authenticator.AuthenticatorBase.invoke(AuthenticatorBase.java:490)
	at org.apache.catalina.core.StandardHostValve.invoke(StandardHostValve.java:139)
	at org.apache.catalina.valves.ErrorReportValve.invoke(ErrorReportValve.java:92)
	at org.apache.catalina.core.StandardEngineValve.invoke(StandardEngineValve.java:74)
	at org.apache.catalina.connector.CoyoteAdapter.service(CoyoteAdapter.java:343)
	at org.apache.coyote.http11.Http11Processor.service(Http11Processor.java:408)
	at org.apache.coyote.AbstractProcessorLight.process(AbstractProcessorLight.java:66)
	at org.apache.coyote.AbstractProtocol$ConnectionHandler.process(AbstractProtocol.java:853)
	at org.apache.tomcat.util.net.NioEndpoint$SocketProcessor.doRun(NioEndpoint.java:1587)
	at org.apache.tomcat.util.net.SocketProcessorBase.run(SocketProcessorBase.java:49)
	at java.util.concurrent.ThreadPoolExecutor.runWorker(ThreadPoolExecutor.java:1142)
	at java.util.concurrent.ThreadPoolExecutor$Worker.run(ThreadPoolExecutor.java:617)
	at org.apache.tomcat.util.threads.TaskThread$WrappingRunnable.run(TaskThread.java:61)
	at java.lang.Thread.run(Thread.java:745)
2019-06-29 10:47:32.429 INFO   [,]  [trap-executor-0] c.n.d.s.r.aws.ConfigClusterResolver: - Resolving eureka endpoints via configuration
2019-06-29 10:52:32.433 INFO   [,]  [trap-executor-0] c.n.d.s.r.aws.ConfigClusterResolver: - Resolving eureka endpoints via configuration
2019-06-29 10:57:32.441 INFO   [,]  [trap-executor-0] c.n.d.s.r.aws.ConfigClusterResolver: - Resolving eureka endpoints via configuration
2019-06-29 11:02:32.452 INFO   [,]  [trap-executor-0] c.n.d.s.r.aws.ConfigClusterResolver: - Resolving eureka endpoints via configuration
2019-06-29 11:07:32.478 INFO   [,]  [trap-executor-0] c.n.d.s.r.aws.ConfigClusterResolver: - Resolving eureka endpoints via configuration
2019-06-29 11:10:05.835 ERROR  [,]  [nio-9001-exec-2] o.a.c.c.C.[.[.[.[dispatcherServlet]: - Servlet.service() for servlet [dispatcherServlet] in context with path [/web-interaction-center] threw exception [Request processing failed; nested exception is java.lang.RuntimeException: com.netflix.client.ClientException: Load balancer does not have available server for client: stock-service-center] with root cause
com.netflix.client.ClientException: Load balancer does not have available server for client: stock-service-center
	at com.netflix.loadbalancer.LoadBalancerContext.getServerFromLoadBalancer(LoadBalancerContext.java:483)
	at com.netflix.loadbalancer.reactive.LoadBalancerCommand$1.call(LoadBalancerCommand.java:184)
	at com.netflix.loadbalancer.reactive.LoadBalancerCommand$1.call(LoadBalancerCommand.java:180)
	at rx.Observable.unsafeSubscribe(Observable.java:10327)
	at rx.internal.operators.OnSubscribeConcatMap.call(OnSubscribeConcatMap.java:94)
	at rx.internal.operators.OnSubscribeConcatMap.call(OnSubscribeConcatMap.java:42)
	at rx.Observable.unsafeSubscribe(Observable.java:10327)
	at rx.internal.operators.OperatorRetryWithPredicate$SourceSubscriber$1.call(OperatorRetryWithPredicate.java:127)
	at rx.internal.schedulers.TrampolineScheduler$InnerCurrentThreadScheduler.enqueue(TrampolineScheduler.java:73)
	at rx.internal.schedulers.TrampolineScheduler$InnerCurrentThreadScheduler.schedule(TrampolineScheduler.java:52)
	at rx.internal.operators.OperatorRetryWithPredicate$SourceSubscriber.onNext(OperatorRetryWithPredicate.java:79)
	at rx.internal.operators.OperatorRetryWithPredicate$SourceSubscriber.onNext(OperatorRetryWithPredicate.java:45)
	at rx.internal.util.ScalarSynchronousObservable$WeakSingleProducer.request(ScalarSynchronousObservable.java:276)
	at rx.Subscriber.setProducer(Subscriber.java:209)
	at rx.internal.util.ScalarSynchronousObservable$JustOnSubscribe.call(ScalarSynchronousObservable.java:138)
	at rx.internal.util.ScalarSynchronousObservable$JustOnSubscribe.call(ScalarSynchronousObservable.java:129)
	at rx.internal.operators.OnSubscribeLift.call(OnSubscribeLift.java:48)
	at rx.internal.operators.OnSubscribeLift.call(OnSubscribeLift.java:30)
	at rx.internal.operators.OnSubscribeLift.call(OnSubscribeLift.java:48)
	at rx.internal.operators.OnSubscribeLift.call(OnSubscribeLift.java:30)
	at rx.internal.operators.OnSubscribeLift.call(OnSubscribeLift.java:48)
	at rx.internal.operators.OnSubscribeLift.call(OnSubscribeLift.java:30)
	at rx.Observable.subscribe(Observable.java:10423)
	at rx.Observable.subscribe(Observable.java:10390)
	at rx.observables.BlockingObservable.blockForSingle(BlockingObservable.java:443)
	at rx.observables.BlockingObservable.single(BlockingObservable.java:340)
	at com.netflix.client.AbstractLoadBalancerAwareClient.executeWithLoadBalancer(AbstractLoadBalancerAwareClient.java:112)
	at org.springframework.cloud.openfeign.ribbon.LoadBalancerFeignClient.execute(LoadBalancerFeignClient.java:83)
	at feign.SynchronousMethodHandler.executeAndDecode(SynchronousMethodHandler.java:108)
	at feign.SynchronousMethodHandler.invoke(SynchronousMethodHandler.java:78)
	at feign.ReflectiveFeign$FeignInvocationHandler.invoke(ReflectiveFeign.java:103)
	at com.sun.proxy.$Proxy110.saveTest(Unknown Source)
	at com.zfc.study.controller.TestController.saveTest(TestController.java:32)
	at sun.reflect.NativeMethodAccessorImpl.invoke0(Native Method)
	at sun.reflect.NativeMethodAccessorImpl.invoke(NativeMethodAccessorImpl.java:62)
	at sun.reflect.DelegatingMethodAccessorImpl.invoke(DelegatingMethodAccessorImpl.java:43)
	at java.lang.reflect.Method.invoke(Method.java:498)
	at org.springframework.web.method.support.InvocableHandlerMethod.doInvoke(InvocableHandlerMethod.java:190)
	at org.springframework.web.method.support.InvocableHandlerMethod.invokeForRequest(InvocableHandlerMethod.java:138)
	at org.springframework.web.servlet.mvc.method.annotation.ServletInvocableHandlerMethod.invokeAndHandle(ServletInvocableHandlerMethod.java:104)
	at org.springframework.web.servlet.mvc.method.annotation.RequestMappingHandlerAdapter.invokeHandlerMethod(RequestMappingHandlerAdapter.java:892)
	at org.springframework.web.servlet.mvc.method.annotation.RequestMappingHandlerAdapter.handleInternal(RequestMappingHandlerAdapter.java:797)
	at org.springframework.web.servlet.mvc.method.AbstractHandlerMethodAdapter.handle(AbstractHandlerMethodAdapter.java:87)
	at org.springframework.web.servlet.DispatcherServlet.doDispatch(DispatcherServlet.java:1039)
	at org.springframework.web.servlet.DispatcherServlet.doService(DispatcherServlet.java:942)
	at org.springframework.web.servlet.FrameworkServlet.processRequest(FrameworkServlet.java:1005)
	at org.springframework.web.servlet.FrameworkServlet.doPost(FrameworkServlet.java:908)
	at javax.servlet.http.HttpServlet.service(HttpServlet.java:660)
	at org.springframework.web.servlet.FrameworkServlet.service(FrameworkServlet.java:882)
	at javax.servlet.http.HttpServlet.service(HttpServlet.java:741)
	at org.apache.catalina.core.ApplicationFilterChain.internalDoFilter(ApplicationFilterChain.java:231)
	at org.apache.catalina.core.ApplicationFilterChain.doFilter(ApplicationFilterChain.java:166)
	at org.apache.tomcat.websocket.server.WsFilter.doFilter(WsFilter.java:53)
	at org.apache.catalina.core.ApplicationFilterChain.internalDoFilter(ApplicationFilterChain.java:193)
	at org.apache.catalina.core.ApplicationFilterChain.doFilter(ApplicationFilterChain.java:166)
	at org.springframework.boot.actuate.web.trace.servlet.HttpTraceFilter.doFilterInternal(HttpTraceFilter.java:88)
	at org.springframework.web.filter.OncePerRequestFilter.doFilter(OncePerRequestFilter.java:109)
	at org.apache.catalina.core.ApplicationFilterChain.internalDoFilter(ApplicationFilterChain.java:193)
	at org.apache.catalina.core.ApplicationFilterChain.doFilter(ApplicationFilterChain.java:166)
	at org.springframework.web.filter.RequestContextFilter.doFilterInternal(RequestContextFilter.java:99)
	at org.springframework.web.filter.OncePerRequestFilter.doFilter(OncePerRequestFilter.java:109)
	at org.apache.catalina.core.ApplicationFilterChain.internalDoFilter(ApplicationFilterChain.java:193)
	at org.apache.catalina.core.ApplicationFilterChain.doFilter(ApplicationFilterChain.java:166)
	at org.springframework.web.filter.FormContentFilter.doFilterInternal(FormContentFilter.java:92)
	at org.springframework.web.filter.OncePerRequestFilter.doFilter(OncePerRequestFilter.java:109)
	at org.apache.catalina.core.ApplicationFilterChain.internalDoFilter(ApplicationFilterChain.java:193)
	at org.apache.catalina.core.ApplicationFilterChain.doFilter(ApplicationFilterChain.java:166)
	at org.springframework.web.filter.HiddenHttpMethodFilter.doFilterInternal(HiddenHttpMethodFilter.java:93)
	at org.springframework.web.filter.OncePerRequestFilter.doFilter(OncePerRequestFilter.java:109)
	at org.apache.catalina.core.ApplicationFilterChain.internalDoFilter(ApplicationFilterChain.java:193)
	at org.apache.catalina.core.ApplicationFilterChain.doFilter(ApplicationFilterChain.java:166)
	at org.springframework.boot.actuate.metrics.web.servlet.WebMvcMetricsFilter.filterAndRecordMetrics(WebMvcMetricsFilter.java:114)
	at org.springframework.boot.actuate.metrics.web.servlet.WebMvcMetricsFilter.doFilterInternal(WebMvcMetricsFilter.java:104)
	at org.springframework.web.filter.OncePerRequestFilter.doFilter(OncePerRequestFilter.java:109)
	at org.apache.catalina.core.ApplicationFilterChain.internalDoFilter(ApplicationFilterChain.java:193)
	at org.apache.catalina.core.ApplicationFilterChain.doFilter(ApplicationFilterChain.java:166)
	at org.springframework.web.filter.CharacterEncodingFilter.doFilterInternal(CharacterEncodingFilter.java:200)
	at org.springframework.web.filter.OncePerRequestFilter.doFilter(OncePerRequestFilter.java:109)
	at org.apache.catalina.core.ApplicationFilterChain.internalDoFilter(ApplicationFilterChain.java:193)
	at org.apache.catalina.core.ApplicationFilterChain.doFilter(ApplicationFilterChain.java:166)
	at org.apache.catalina.core.StandardWrapperValve.invoke(StandardWrapperValve.java:202)
	at org.apache.catalina.core.StandardContextValve.invoke(StandardContextValve.java:96)
	at org.apache.catalina.authenticator.AuthenticatorBase.invoke(AuthenticatorBase.java:490)
	at org.apache.catalina.core.StandardHostValve.invoke(StandardHostValve.java:139)
	at org.apache.catalina.valves.ErrorReportValve.invoke(ErrorReportValve.java:92)
	at org.apache.catalina.core.StandardEngineValve.invoke(StandardEngineValve.java:74)
	at org.apache.catalina.connector.CoyoteAdapter.service(CoyoteAdapter.java:343)
	at org.apache.coyote.http11.Http11Processor.service(Http11Processor.java:408)
	at org.apache.coyote.AbstractProcessorLight.process(AbstractProcessorLight.java:66)
	at org.apache.coyote.AbstractProtocol$ConnectionHandler.process(AbstractProtocol.java:853)
	at org.apache.tomcat.util.net.NioEndpoint$SocketProcessor.doRun(NioEndpoint.java:1587)
	at org.apache.tomcat.util.net.SocketProcessorBase.run(SocketProcessorBase.java:49)
	at java.util.concurrent.ThreadPoolExecutor.runWorker(ThreadPoolExecutor.java:1142)
	at java.util.concurrent.ThreadPoolExecutor$Worker.run(ThreadPoolExecutor.java:617)
	at org.apache.tomcat.util.threads.TaskThread$WrappingRunnable.run(TaskThread.java:61)
	at java.lang.Thread.run(Thread.java:745)
2019-06-29 11:12:32.479 INFO   [,]  [trap-executor-0] c.n.d.s.r.aws.ConfigClusterResolver: - Resolving eureka endpoints via configuration
2019-06-29 11:17:32.488 INFO   [,]  [trap-executor-0] c.n.d.s.r.aws.ConfigClusterResolver: - Resolving eureka endpoints via configuration
2019-06-29 11:22:32.498 INFO   [,]  [trap-executor-0] c.n.d.s.r.aws.ConfigClusterResolver: - Resolving eureka endpoints via configuration
2019-06-29 11:27:32.501 INFO   [,]  [trap-executor-0] c.n.d.s.r.aws.ConfigClusterResolver: - Resolving eureka endpoints via configuration
2019-06-29 11:32:32.505 INFO   [,]  [trap-executor-0] c.n.d.s.r.aws.ConfigClusterResolver: - Resolving eureka endpoints via configuration
2019-06-29 11:37:32.508 INFO   [,]  [trap-executor-0] c.n.d.s.r.aws.ConfigClusterResolver: - Resolving eureka endpoints via configuration
2019-06-29 11:42:32.514 INFO   [,]  [trap-executor-0] c.n.d.s.r.aws.ConfigClusterResolver: - Resolving eureka endpoints via configuration
2019-06-29 11:47:32.517 INFO   [,]  [trap-executor-0] c.n.d.s.r.aws.ConfigClusterResolver: - Resolving eureka endpoints via configuration
2019-06-29 11:52:32.525 INFO   [,]  [trap-executor-0] c.n.d.s.r.aws.ConfigClusterResolver: - Resolving eureka endpoints via configuration
2019-06-29 11:57:32.530 INFO   [,]  [trap-executor-0] c.n.d.s.r.aws.ConfigClusterResolver: - Resolving eureka endpoints via configuration
2019-06-29 11:59:49.456 INFO   [,]  [Thread-71] c.n.l.PollingServerListUpdater: - Shutting down the Executor Pool for PollingServerListUpdater
2019-06-29 11:59:49.533 INFO   [,]  [Thread-59] o.s.c.n.e.s.EurekaServiceRegistry: - Unregistering application WEB-INTERACTION-CENTER with eureka with status DOWN
2019-06-29 11:59:49.544 WARN   [,]  [Thread-59] c.netflix.discovery.DiscoveryClient: - Saw local status change event StatusChangeEvent [timestamp=1561780789542, current=DOWN, previous=UP]
2019-06-29 11:59:49.549 INFO   [,]  [nfoReplicator-0] c.netflix.discovery.DiscoveryClient: - DiscoveryClient_WEB-INTERACTION-CENTER/DESKTOP-JESJ2F8:web-interaction-center:9001: registering service...
2019-06-29 11:59:49.586 INFO   [,]  [nfoReplicator-0] c.netflix.discovery.DiscoveryClient: - DiscoveryClient_WEB-INTERACTION-CENTER/DESKTOP-JESJ2F8:web-interaction-center:9001 - registration status: 204
